c:\users\伊藤 友彦\documents\programming\streatrunner\streatrunner\streatrunner\release\vc120.pdb
c:\users\伊藤 友彦\documents\programming\streatrunner\streatrunner\streatrunner\release\playermove.obj
c:\users\伊藤 友彦\documents\programming\streatrunner\streatrunner\streatrunner\release\playerjump.obj
c:\users\伊藤 友彦\documents\programming\streatrunner\streatrunner\streatrunner\release\playerattack.obj
c:\users\伊藤 友彦\documents\programming\streatrunner\streatrunner\streatrunner\release\player.obj
c:\users\伊藤 友彦\documents\programming\streatrunner\streatrunner\streatrunner\release\main.obj
c:\users\伊藤 友彦\documents\programming\streatrunner\streatrunner\streatrunner\release\ground.obj
c:\users\伊藤 友彦\documents\programming\streatrunner\streatrunner\streatrunner\release\flamecounter.obj
c:\users\伊藤 友彦\documents\programming\streatrunner\streatrunner\streatrunner\release\collisionplayerplayer.obj
c:\users\伊藤 友彦\documents\programming\streatrunner\streatrunner\streatrunner\release\collisionplayerattack.obj
c:\users\伊藤 友彦\documents\programming\streatrunner\streatrunner\streatrunner\release\beziercurve.obj
c:\users\伊藤 友彦\documents\programming\streatrunner\streatrunner\release\streetrunner.exe
c:\users\伊藤 友彦\documents\programming\streatrunner\streatrunner\release\streetrunner.pdb
c:\users\伊藤 友彦\documents\programming\streatrunner\streatrunner\streatrunner\release\rc.res
c:\users\伊藤 友彦\documents\programming\streatrunner\streatrunner\streatrunner\release\streetrunner.tlog\cl.command.1.tlog
c:\users\伊藤 友彦\documents\programming\streatrunner\streatrunner\streatrunner\release\streetrunner.tlog\cl.read.1.tlog
c:\users\伊藤 友彦\documents\programming\streatrunner\streatrunner\streatrunner\release\streetrunner.tlog\cl.write.1.tlog
c:\users\伊藤 友彦\documents\programming\streatrunner\streatrunner\streatrunner\release\streetrunner.tlog\link.command.1.tlog
c:\users\伊藤 友彦\documents\programming\streatrunner\streatrunner\streatrunner\release\streetrunner.tlog\link.read.1.tlog
c:\users\伊藤 友彦\documents\programming\streatrunner\streatrunner\streatrunner\release\streetrunner.tlog\link.write.1.tlog
c:\users\伊藤 友彦\documents\programming\streatrunner\streatrunner\streatrunner\release\streetrunner.tlog\rc.command.1.tlog
c:\users\伊藤 友彦\documents\programming\streatrunner\streatrunner\streatrunner\release\streetrunner.tlog\rc.read.1.tlog
c:\users\伊藤 友彦\documents\programming\streatrunner\streatrunner\streatrunner\release\streetrunner.tlog\rc.write.1.tlog
