c:\users\伊藤 友彦\documents\programming\streatrunner\streatrunner\streatrunner\debug\vc120.pdb
c:\users\伊藤 友彦\documents\programming\streatrunner\streatrunner\streatrunner\debug\vc120.idb
c:\users\伊藤 友彦\documents\programming\streatrunner\streatrunner\streatrunner\debug\beziercurve.obj
c:\users\伊藤 友彦\documents\programming\streatrunner\streatrunner\streatrunner\debug\ground.obj
c:\users\伊藤 友彦\documents\programming\streatrunner\streatrunner\streatrunner\debug\main.obj
c:\users\伊藤 友彦\documents\programming\streatrunner\streatrunner\streatrunner\debug\player.obj
c:\users\伊藤 友彦\documents\programming\streatrunner\streatrunner\streatrunner\debug\playerjump.obj
c:\users\伊藤 友彦\documents\programming\streatrunner\streatrunner\streatrunner\debug\playermove.obj
c:\users\伊藤 友彦\documents\programming\streatrunner\streatrunner\streatrunner\debug\flamecounter.obj
c:\users\伊藤 友彦\documents\programming\streatrunner\streatrunner\streatrunner\debug\playerattack.obj
c:\users\伊藤 友彦\documents\programming\streatrunner\streatrunner\debug\streatrunner.ilk
c:\users\伊藤 友彦\documents\programming\streatrunner\streatrunner\debug\streatrunner.exe
c:\users\伊藤 友彦\documents\programming\streatrunner\streatrunner\debug\streatrunner.pdb
c:\users\伊藤 友彦\documents\programming\streatrunner\streatrunner\streatrunner\debug\rc.res
c:\users\伊藤 友彦\documents\programming\streatrunner\streatrunner\streatrunner\debug\streatrunner.tlog\cl.command.1.tlog
c:\users\伊藤 友彦\documents\programming\streatrunner\streatrunner\streatrunner\debug\streatrunner.tlog\cl.read.1.tlog
c:\users\伊藤 友彦\documents\programming\streatrunner\streatrunner\streatrunner\debug\streatrunner.tlog\cl.write.1.tlog
c:\users\伊藤 友彦\documents\programming\streatrunner\streatrunner\streatrunner\debug\streatrunner.tlog\link.command.1.tlog
c:\users\伊藤 友彦\documents\programming\streatrunner\streatrunner\streatrunner\debug\streatrunner.tlog\link.read.1.tlog
c:\users\伊藤 友彦\documents\programming\streatrunner\streatrunner\streatrunner\debug\streatrunner.tlog\link.write.1.tlog
c:\users\伊藤 友彦\documents\programming\streatrunner\streatrunner\streatrunner\debug\streatrunner.tlog\rc.command.1.tlog
c:\users\伊藤 友彦\documents\programming\streatrunner\streatrunner\streatrunner\debug\streatrunner.tlog\rc.read.1.tlog
c:\users\伊藤 友彦\documents\programming\streatrunner\streatrunner\streatrunner\debug\streatrunner.tlog\rc.write.1.tlog
